Base path: C:/Program Files/Unity/Hub/Editor/2019.1.9f1/Editor/Data
Cmd: initializeCompiler
Cmd: compileComputeKernel
  api=4 insize=2549 outsize=965 ok=1
Cmd: compileComputeKernel
  error: 1 plat 4 at (0): Program 'Deferred_Direct_ShadowMask_Fptl', warning X4714: sum of temp registers and indexable temp registers times 256 threads exceeds the recommended total 16384.  Performance may be reduced
  api=4 insize=14406 outsize=93949 ok=1
Cmd: compileComputeKernel
  api=4 insize=14406 outsize=43061 ok=1
Cmd: compileComputeKernel
  api=4 insize=14406 outsize=64745 ok=1
Cmd: compileComputeKernel
  api=4 insize=14406 outsize=33141 ok=1
Cmd: compileComputeKernel
  api=4 insize=14406 outsize=55353 ok=1
Cmd: compileComputeKernel
  error: 1 plat 4 at (0): Program 'Deferred_Indirect_ShadowMask_Fptl_Variant26', warning X4714: sum of temp registers and indexable temp registers times 256 threads exceeds the recommended total 16384.  Performance may be reduced
  api=4 insize=14406 outsize=95645 ok=1
Cmd: compileComputeKernel
  api=4 insize=26648 outsize=15341 ok=1
Cmd: compileComputeKernel
  api=4 insize=3797 outsize=1749 ok=1
Cmd: compileComputeKernel
  api=4 insize=9347 outsize=9273 ok=1
Cmd: compileComputeKernel
  api=4 insize=17415 outsize=8681 ok=1
Cmd: compileComputeKernel
  api=4 insize=7423 outsize=1353 ok=1
Cmd: compileComputeKernel
  api=4 insize=20012 outsize=14241 ok=1
Cmd: compileComputeKernel
  api=4 insize=3022 outsize=473 ok=1
Cmd: compileComputeKernel
  api=4 insize=7704 outsize=5681 ok=1
Cmd: compileComputeKernel
  api=4 insize=34508 outsize=31005 ok=1
Cmd: compileComputeKernel
  api=4 insize=34508 outsize=31005 ok=1
Cmd: compileComputeKernel
  api=4 insize=5089 outsize=2825 ok=1
Cmd: compileComputeKernel
  api=4 insize=7712 outsize=4613 ok=1
Cmd: compileComputeKernel
  api=4 insize=3918 outsize=693 ok=1
Cmd: compileComputeKernel
  api=4 insize=5723 outsize=5017 ok=1
Cmd: compileSnippet
  api=4 type=1 insize=7237 outsize=142 kw=_NORMALMAP_TANGENT_SPACE _NORMALMAP _MASKMAP pd=UNITY_ENABLE_REFLECTION_BUFFERS UNITY_USE_DITHER_MASK_FOR_ALPHABLENDED_SHADOWS UNITY_PBS_USE_BRDF1 UNITY_SPECCUBE_BOX_PROJECTION UNITY_SPECCUBE_BLENDING UNITY_ENABLE_DETAIL_NORMALMAP SHADER_API_DESKTOP UNITY_LIGHT_PROBE_PROXY_VOLUME UNITY_LIGHTMAP_FULL_HDR ok=1
Cmd: initializeCompiler
