Base path: C:/Program Files/Unity/Hub/Editor/2019.1.9f1/Editor/Data
Cmd: initializeCompiler
Cmd: compileComputeKernel
  api=4 insize=14406 outsize=113273 ok=1
Cmd: compileComputeKernel
  api=4 insize=14406 outsize=30657 ok=1
Cmd: compileComputeKernel
  api=4 insize=14406 outsize=56265 ok=1
Cmd: compileComputeKernel
  api=4 insize=14406 outsize=36329 ok=1
Cmd: compileComputeKernel
  api=4 insize=14406 outsize=44705 ok=1
Cmd: compileComputeKernel
  api=4 insize=26648 outsize=15773 ok=1
Cmd: compileComputeKernel
  api=4 insize=9347 outsize=7973 ok=1
Cmd: compileComputeKernel
  api=4 insize=17415 outsize=10469 ok=1
Cmd: compileComputeKernel
  api=4 insize=4918 outsize=2777 ok=1
Cmd: compileComputeKernel
  api=4 insize=12239 outsize=957 ok=1
Cmd: compileComputeKernel
  api=4 insize=2532 outsize=1877 ok=1
Cmd: compileComputeKernel
  api=4 insize=20012 outsize=15261 ok=1
Cmd: compileComputeKernel
  api=4 insize=20668 outsize=95033 ok=1
Cmd: compileComputeKernel
  api=4 insize=34508 outsize=31641 ok=1
Cmd: compileComputeKernel
  api=4 insize=34508 outsize=32261 ok=1
Cmd: compileComputeKernel
  api=4 insize=5089 outsize=4769 ok=1
Cmd: compileComputeKernel
  api=4 insize=7712 outsize=4345 ok=1
Cmd: compileComputeKernel
  api=4 insize=3918 outsize=709 ok=1
Cmd: compileComputeKernel
  api=4 insize=3425 outsize=4301 ok=1
Cmd: compileSnippet
  api=4 type=0 insize=7705 outsize=1670 kw=LIGHTMAP_ON DIRLIGHTMAP_COMBINED DECALS_3RT _NORMALMAP_TANGENT_SPACE _NORMALMAP _MASKMAP pd=UNITY_ENABLE_REFLECTION_BUFFERS UNITY_USE_DITHER_MASK_FOR_ALPHABLENDED_SHADOWS UNITY_PBS_USE_BRDF1 UNITY_SPECCUBE_BOX_PROJECTION UNITY_SPECCUBE_BLENDING UNITY_ENABLE_DETAIL_NORMALMAP SHADER_API_DESKTOP UNITY_LIGHT_PROBE_PROXY_VOLUME UNITY_LIGHTMAP_FULL_HDR ok=1
Cmd: initializeCompiler
