Base path: C:/Program Files/Unity/Hub/Editor/2019.1.9f1/Editor/Data
Cmd: initializeCompiler
Cmd: compileComputeKernel
  api=4 insize=14406 outsize=91749 ok=1
Cmd: compileComputeKernel
  api=4 insize=14406 outsize=32345 ok=1
Cmd: compileComputeKernel
  api=4 insize=14406 outsize=47613 ok=1
Cmd: compileComputeKernel
  api=4 insize=14406 outsize=64289 ok=1
Cmd: compileComputeKernel
  api=4 insize=14406 outsize=33853 ok=1
Cmd: compileComputeKernel
  api=4 insize=14406 outsize=49585 ok=1
Cmd: compileComputeKernel
  api=4 insize=26648 outsize=15857 ok=1
Cmd: compileComputeKernel
  api=4 insize=5767 outsize=5913 ok=1
Cmd: compileComputeKernel
  api=4 insize=3687 outsize=3277 ok=1
Cmd: compileComputeKernel
  api=4 insize=9347 outsize=7569 ok=1
Cmd: compileComputeKernel
  api=4 insize=6309 outsize=661 ok=1
Cmd: compileComputeKernel
  api=4 insize=4918 outsize=2429 ok=1
Cmd: compileComputeKernel
  api=4 insize=7423 outsize=1049 ok=1
Cmd: compileComputeKernel
  api=4 insize=20012 outsize=14753 ok=1
Cmd: compileComputeKernel
  api=4 insize=501 outsize=749 ok=1
Cmd: compileComputeKernel
  api=4 insize=3022 outsize=2065 ok=1
Cmd: compileComputeKernel
  api=4 insize=7704 outsize=1781 ok=1
Cmd: compileComputeKernel
  api=4 insize=20668 outsize=27309 ok=1
Cmd: compileComputeKernel
  api=4 insize=34508 outsize=36169 ok=1
Cmd: compileComputeKernel
  api=4 insize=34508 outsize=36169 ok=1
Cmd: compileComputeKernel
  api=4 insize=17193 outsize=7121 ok=1
Cmd: compileComputeKernel
  api=4 insize=5089 outsize=2989 ok=1
Cmd: compileComputeKernel
  api=4 insize=14985 outsize=3013 ok=1
Cmd: compileComputeKernel
  api=4 insize=3043 outsize=2701 ok=1
Cmd: compileComputeKernel
  api=4 insize=7712 outsize=5745 ok=1
Cmd: compileComputeKernel
  api=4 insize=3918 outsize=945 ok=1
Cmd: compileComputeKernel
  api=4 insize=3506 outsize=1065 ok=1
Cmd: compileSnippet
  api=4 type=0 insize=7237 outsize=810 kw=_NORMALMAP_TANGENT_SPACE _NORMALMAP _MASKMAP pd=UNITY_ENABLE_REFLECTION_BUFFERS UNITY_USE_DITHER_MASK_FOR_ALPHABLENDED_SHADOWS UNITY_PBS_USE_BRDF1 UNITY_SPECCUBE_BOX_PROJECTION UNITY_SPECCUBE_BLENDING UNITY_ENABLE_DETAIL_NORMALMAP SHADER_API_DESKTOP UNITY_LIGHT_PROBE_PROXY_VOLUME UNITY_LIGHTMAP_FULL_HDR ok=1
Cmd: compileSnippet
  api=4 type=1 insize=7705 outsize=6710 kw=LIGHTMAP_ON DIRLIGHTMAP_COMBINED DECALS_3RT _NORMALMAP_TANGENT_SPACE _NORMALMAP _MASKMAP pd=UNITY_ENABLE_REFLECTION_BUFFERS UNITY_USE_DITHER_MASK_FOR_ALPHABLENDED_SHADOWS UNITY_PBS_USE_BRDF1 UNITY_SPECCUBE_BOX_PROJECTION UNITY_SPECCUBE_BLENDING UNITY_ENABLE_DETAIL_NORMALMAP SHADER_API_DESKTOP UNITY_LIGHT_PROBE_PROXY_VOLUME UNITY_LIGHTMAP_FULL_HDR ok=1
Cmd: initializeCompiler
